<?xml version="1.0" encoding="utf-8"?><testsuites name="pytest tests"><testsuite name="pytest" errors="0" failures="15" skipped="9" tests="52" time="0.639" timestamp="2025-08-23T03:54:06.289928+01:00" hostname="Sandbox-2"><testcase classname="tests.test_pipeline_integration.TestEnhancedFileWatcher" name="test_initialization" time="0.001"><failure message="TypeError: 'NoneType' object is not callable">tests/test_pipeline_integration.py:86: in test_initialization
    watcher = EnhancedFileWatcher(watch_directory=temp_directory)
              ^^^^^^^^^^^^^^^^^^^^^^^^^^^^^^^^^^^^^^^^^^^^^^^^^^^
E   TypeError: 'NoneType' object is not callable</failure></testcase><testcase classname="tests.test_pipeline_integration.TestEnhancedFileWatcher" name="test_zip_file_detection" time="0.001"><failure message="TypeError: 'NoneType' object is not callable">tests/test_pipeline_integration.py:93: in test_zip_file_detection
    watcher = EnhancedFileWatcher(watch_directory=temp_directory)
              ^^^^^^^^^^^^^^^^^^^^^^^^^^^^^^^^^^^^^^^^^^^^^^^^^^^
E   TypeError: 'NoneType' object is not callable</failure></testcase><testcase classname="tests.test_pipeline_integration.TestEnhancedFileWatcher" name="test_pipeline_trigger" time="0.001"><failure message="AttributeError: module 'tools.automation.file_watcher_enhanced' has no attribute 'EnhancedFileWatcher'">/usr/lib/python3.12/unittest/mock.py:1387: in patched
    with self.decoration_helper(patched,
/usr/lib/python3.12/contextlib.py:137: in __enter__
    return next(self.gen)
           ^^^^^^^^^^^^^^
/usr/lib/python3.12/unittest/mock.py:1369: in decoration_helper
    arg = exit_stack.enter_context(patching)
          ^^^^^^^^^^^^^^^^^^^^^^^^^^^^^^^^^^
/usr/lib/python3.12/contextlib.py:526: in enter_context
    result = _enter(cm)
             ^^^^^^^^^^
/usr/lib/python3.12/unittest/mock.py:1442: in __enter__
    self.target = self.getter()
                  ^^^^^^^^^^^^^
/usr/lib/python3.12/pkgutil.py:528: in resolve_name
    result = getattr(result, p)
             ^^^^^^^^^^^^^^^^^^
E   AttributeError: module 'tools.automation.file_watcher_enhanced' has no attribute 'EnhancedFileWatcher'</failure></testcase><testcase classname="tests.test_pipeline_integration.TestEnhancedFileWatcher" name="test_file_extraction" time="0.001"><failure message="TypeError: 'NoneType' object is not callable">tests/test_pipeline_integration.py:126: in test_file_extraction
    watcher = EnhancedFileWatcher(watch_directory=temp_directory)
              ^^^^^^^^^^^^^^^^^^^^^^^^^^^^^^^^^^^^^^^^^^^^^^^^^^^
E   TypeError: 'NoneType' object is not callable</failure></testcase><testcase classname="tests.test_pipeline_integration.TestPipelineAutomation" name="test_initialization" time="0.000"><failure message="TypeError: 'NoneType' object is not callable">tests/test_pipeline_integration.py:146: in test_initialization
    automation = PipelineAutomation()
                 ^^^^^^^^^^^^^^^^^^^^
E   TypeError: 'NoneType' object is not callable</failure></testcase><testcase classname="tests.test_pipeline_integration.TestPipelineAutomation" name="test_csv_mapper_execution" time="0.001"><failure message="TypeError: 'NoneType' object is not callable">tests/test_pipeline_integration.py:153: in test_csv_mapper_execution
    automation = PipelineAutomation()
                 ^^^^^^^^^^^^^^^^^^^^
E   TypeError: 'NoneType' object is not callable</failure></testcase><testcase classname="tests.test_pipeline_integration.TestPipelineAutomation" name="test_database_upload_execution" time="0.001"><failure message="TypeError: 'NoneType' object is not callable">tests/test_pipeline_integration.py:166: in test_database_upload_execution
    automation = PipelineAutomation()
                 ^^^^^^^^^^^^^^^^^^^^
E   TypeError: 'NoneType' object is not callable</failure></testcase><testcase classname="tests.test_pipeline_integration.TestPipelineAutomation" name="test_ml_update_trigger" time="0.001"><failure message="TypeError: 'NoneType' object is not callable">tests/test_pipeline_integration.py:179: in test_ml_update_trigger
    automation = PipelineAutomation()
                 ^^^^^^^^^^^^^^^^^^^^
E   TypeError: 'NoneType' object is not callable</failure></testcase><testcase classname="tests.test_pipeline_integration.TestPipelineAutomation" name="test_complete_pipeline_execution" time="0.002"><failure message="TypeError: 'NoneType' object is not callable">tests/test_pipeline_integration.py:194: in test_complete_pipeline_execution
    automation = PipelineAutomation()
                 ^^^^^^^^^^^^^^^^^^^^
E   TypeError: 'NoneType' object is not callable</failure></testcase><testcase classname="tests.test_pipeline_integration.TestPipelineAutomation" name="test_error_handling" time="0.001"><failure message="TypeError: 'NoneType' object is not callable">tests/test_pipeline_integration.py:210: in test_error_handling
    automation = PipelineAutomation()
                 ^^^^^^^^^^^^^^^^^^^^
E   TypeError: 'NoneType' object is not callable</failure></testcase><testcase classname="tests.test_pipeline_integration.TestCSVColumnMapping" name="test_mapping_file_loading" time="0.002" /><testcase classname="tests.test_pipeline_integration.TestCSVColumnMapping" name="test_separated_table_structure" time="0.003" /><testcase classname="tests.test_pipeline_integration.TestDatabaseUploader" name="test_database_connection" time="0.002"><failure message="ImportError: cannot import name 'SimpleDatabaseUploader' from 'tools.data_processing.simple_database_uploader' (/home/jc/Documents/Horse-race-ai-v2.04/tools/data_processing/simple_database_uploader.py)">tests/test_pipeline_integration.py:253: in test_database_connection
    from tools.data_processing.simple_database_uploader import SimpleDatabaseUploader
E   ImportError: cannot import name 'SimpleDatabaseUploader' from 'tools.data_processing.simple_database_uploader' (/home/jc/Documents/Horse-race-ai-v2.04/tools/data_processing/simple_database_uploader.py)</failure></testcase><testcase classname="tests.test_pipeline_integration.TestDatabaseUploader" name="test_manifest_format_handling" time="0.001"><failure message="ImportError: cannot import name 'SimpleDatabaseUploader' from 'tools.data_processing.simple_database_uploader' (/home/jc/Documents/Horse-race-ai-v2.04/tools/data_processing/simple_database_uploader.py)">tests/test_pipeline_integration.py:264: in test_manifest_format_handling
    from tools.data_processing.simple_database_uploader import SimpleDatabaseUploader
E   ImportError: cannot import name 'SimpleDatabaseUploader' from 'tools.data_processing.simple_database_uploader' (/home/jc/Documents/Horse-race-ai-v2.04/tools/data_processing/simple_database_uploader.py)</failure></testcase><testcase classname="tests.test_pipeline_integration.TestIntegrationScenarios" name="test_complete_pipeline_flow" time="0.002"><failure message="TypeError: 'NoneType' object is not callable">tests/test_pipeline_integration.py:309: in test_complete_pipeline_flow
    watcher = EnhancedFileWatcher(watch_directory=temp_directory)
              ^^^^^^^^^^^^^^^^^^^^^^^^^^^^^^^^^^^^^^^^^^^^^^^^^^^
E   TypeError: 'NoneType' object is not callable</failure></testcase><testcase classname="tests.test_pipeline_integration.TestIntegrationScenarios" name="test_docker_integration" time="0.001" /><testcase classname="tests.test_pipeline_integration.TestIntegrationScenarios" name="test_error_recovery" time="0.001"><failure message="TypeError: 'NoneType' object is not callable">tests/test_pipeline_integration.py:342: in test_error_recovery
    watcher = EnhancedFileWatcher(watch_directory=temp_directory)
              ^^^^^^^^^^^^^^^^^^^^^^^^^^^^^^^^^^^^^^^^^^^^^^^^^^^
E   TypeError: 'NoneType' object is not callable</failure></testcase><testcase classname="tests.test_pipeline_integration.TestFullSystemIntegration" name="test_pipeline_automation_cli" time="0.001" /><testcase classname="tests.test_pipeline_integration.TestFullSystemIntegration" name="test_configuration_files" time="0.001" /><testcase classname="tests.test_pipeline_integration.TestFullSystemIntegration" name="test_docker_services" time="0.001" /><testcase classname="tests.test_pipeline_integration.TestFullSystemIntegration" name="test_database_connectivity" time="0.035" /><testcase classname="tests.test_csv_column_mapping.TestCSVColumnMapping" name="test_mapping_structure_validation" time="0.001" /><testcase classname="tests.test_csv_column_mapping.TestCSVColumnMapping" name="test_separated_card_results_architecture" time="0.000" /><testcase classname="tests.test_csv_column_mapping.TestCSVColumnMapping" name="test_csv_file_validation" time="0.006" /><testcase classname="tests.test_csv_column_mapping.TestCSVColumnMapping" name="test_data_type_mapping" time="0.002" /><testcase classname="tests.test_csv_column_mapping.TestCSVColumnMapping" name="test_primary_key_constraints" time="0.001" /><testcase classname="tests.test_csv_column_mapping.TestDataProcessingPipeline" name="test_csv_to_database_mapping" time="0.011" /><testcase classname="tests.test_csv_column_mapping.TestDataProcessingPipeline" name="test_data_validation_rules" time="0.010" /><testcase classname="tests.test_csv_column_mapping.TestDataProcessingPipeline" name="test_database_schema_generation" time="0.001" /><testcase classname="tests.test_csv_column_mapping.TestSeparatedDataArchitecture" name="test_independent_table_structures" time="0.001" /><testcase classname="tests.test_csv_column_mapping.TestSeparatedDataArchitecture" name="test_no_foreign_key_constraints" time="0.001" /><testcase classname="tests.test_csv_column_mapping.TestSeparatedDataArchitecture" name="test_data_isolation" time="0.009" /><testcase classname="tests.test_csv_column_mapping.TestCSVMappingIntegration" name="test_mapping_file_compatibility" time="0.001"><failure message="AssertionError: assert 'tables' in {'table_mappings': {'card_races': {'csv_files': ['data/daily_downloads/cards_data/races/races.csv'], 'column_mapping': {'race_id': 'Race_ID', 'race_number': 'race_number', 'race_time': 'race_time', 'course_id': 'course_id', 'course': 'Course', 'race_type': 'Race_type', 'date': 'Date', 'race_name': 'Race_name', 'class': 'Class', 'years': 'Years', 'distance': 'Distance', 'surface': 'Surface', 'prize': 'Prize', 'runners_racecard': 'Runners_racecard', 'runners': 'Runners', 'draw': 'Draw', 'ew_racecard': 'EW_racecard', 'ew': 'EW', 'places_ew_racecard': 'Places_EW_racecard', 'places_ew': 'Places_EW'}}, 'card_records': {'csv_files': ['data/daily_downloads/cards_data/records/records.csv'], 'column_mapping': {'record_id': ['ID', 'id'], 'race_id': ['Race_ID', 'race_id'], 'position': ['Place', 'Horse_number'], 'horse_name': 'Name', 'age': 'Age', 'weight': ['weight_uk', 'weight'], 'jockey': 'jockey', 'trainer': 'trainer', 'starting_price': 'SP', 'form': None, 'extra': ['gears', 'Draw', 'Country', 'Horse_rate', 'finish_time', 'fav']}}, 'card_horses': {'csv_files': ['data/daily_downloads/cards_data/horses/horses.csv'], 'column_mapping': {'horse_id': 'ID', 'name': 'Name', 'age': 'Age', 'sex': 'Sex', 'colour': 'Colour', 'sire': 'Sire', 'dam': 'Dam', 'trainer': 'Trainer', 'owner': 'Owner', 'country': 'Country', 'rating': 'rating'}}, 'result_races': {'csv_files': ['data/daily_downloads/results_data/races/races.csv'], 'column_mapping': {'race_id': 'Race_ID', 'race_number': 'race_number', 'race_time': 'race_time', 'course_id': 'course_id', 'course': 'Course', 'race_type': 'Race_type', 'date': 'Date', 'race_name': 'Race_name', 'class': 'Class', 'years': 'Years', 'distance': 'Distance', 'surface': 'Surface', 'prize': 'Prize', 'runners_racecard': 'Runners_racecard', 'runners': 'Runners', 'draw': 'Draw', 'ew_racecard': 'EW_racecard', 'ew': 'EW', 'places_ew_racecard': 'Places_EW_racecard', 'places_ew': 'Places_EW'}}, 'jockeys_stats': {'csv_files': ['data/daily_downloads/results_data/2025-08-23/jockeys_stats/jockeys_stats.csv'], 'column_mapping': {'jockey_id': 'jockey_id', 'name': 'name', 'wins': 'wins', 'runs': 'runs', 'win_percentage': 'win_percentage', 'strike_rate': 'strike_rate', 'prize_money': 'prize_money', 'last_14_days': 'last_14_days'}}, 'trainers_stats': {'csv_files': ['data/daily_downloads/results_data/2025-08-23/trainers_stats/trainers_stats.csv'], 'column_mapping': {'trainer_id': 'trainer_id', 'name': 'name', 'wins': 'wins', 'runs': 'runs', 'win_percentage': 'win_percentage', 'strike_rate': 'strike_rate', 'prize_money': 'prize_money', 'last_14_days': 'last_14_days'}}, 'racecard_details': {'csv_files': ['data/daily_downloads/results_data/racecard_details/racecard_details.csv'], 'column_mapping': {'record_id': ['ID', 'id'], 'race_id': ['Race_ID', 'race_id'], 'position': ['Place', 'Horse_number'], 'horse_name': 'Name', 'age': 'Age', 'weight': ['weight_uk', 'weight'], 'jockey': 'jockey', 'trainer': 'trainer', 'starting_price': 'SP', 'form': None, 'extra': ['gears', 'Draw', 'Country', 'Horse_rate', 'finish_time', 'fav']}}}}">tests/test_csv_column_mapping.py:326: in test_mapping_file_compatibility
    assert "tables" in mapping_data
E   AssertionError: assert 'tables' in {'table_mappings': {'card_races': {'csv_files': ['data/daily_downloads/cards_data/races/races.csv'], 'column_mapping': {'race_id': 'Race_ID', 'race_number': 'race_number', 'race_time': 'race_time', 'course_id': 'course_id', 'course': 'Course', 'race_type': 'Race_type', 'date': 'Date', 'race_name': 'Race_name', 'class': 'Class', 'years': 'Years', 'distance': 'Distance', 'surface': 'Surface', 'prize': 'Prize', 'runners_racecard': 'Runners_racecard', 'runners': 'Runners', 'draw': 'Draw', 'ew_racecard': 'EW_racecard', 'ew': 'EW', 'places_ew_racecard': 'Places_EW_racecard', 'places_ew': 'Places_EW'}}, 'card_records': {'csv_files': ['data/daily_downloads/cards_data/records/records.csv'], 'column_mapping': {'record_id': ['ID', 'id'], 'race_id': ['Race_ID', 'race_id'], 'position': ['Place', 'Horse_number'], 'horse_name': 'Name', 'age': 'Age', 'weight': ['weight_uk', 'weight'], 'jockey': 'jockey', 'trainer': 'trainer', 'starting_price': 'SP', 'form': None, 'extra': ['gears', 'Draw', 'Country', 'Horse_rate', 'finish_time', 'fav']}}, 'card_horses': {'csv_files': ['data/daily_downloads/cards_data/horses/horses.csv'], 'column_mapping': {'horse_id': 'ID', 'name': 'Name', 'age': 'Age', 'sex': 'Sex', 'colour': 'Colour', 'sire': 'Sire', 'dam': 'Dam', 'trainer': 'Trainer', 'owner': 'Owner', 'country': 'Country', 'rating': 'rating'}}, 'result_races': {'csv_files': ['data/daily_downloads/results_data/races/races.csv'], 'column_mapping': {'race_id': 'Race_ID', 'race_number': 'race_number', 'race_time': 'race_time', 'course_id': 'course_id', 'course': 'Course', 'race_type': 'Race_type', 'date': 'Date', 'race_name': 'Race_name', 'class': 'Class', 'years': 'Years', 'distance': 'Distance', 'surface': 'Surface', 'prize': 'Prize', 'runners_racecard': 'Runners_racecard', 'runners': 'Runners', 'draw': 'Draw', 'ew_racecard': 'EW_racecard', 'ew': 'EW', 'places_ew_racecard': 'Places_EW_racecard', 'places_ew': 'Places_EW'}}, 'jockeys_stats': {'csv_files': ['data/daily_downloads/results_data/2025-08-23/jockeys_stats/jockeys_stats.csv'], 'column_mapping': {'jockey_id': 'jockey_id', 'name': 'name', 'wins': 'wins', 'runs': 'runs', 'win_percentage': 'win_percentage', 'strike_rate': 'strike_rate', 'prize_money': 'prize_money', 'last_14_days': 'last_14_days'}}, 'trainers_stats': {'csv_files': ['data/daily_downloads/results_data/2025-08-23/trainers_stats/trainers_stats.csv'], 'column_mapping': {'trainer_id': 'trainer_id', 'name': 'name', 'wins': 'wins', 'runs': 'runs', 'win_percentage': 'win_percentage', 'strike_rate': 'strike_rate', 'prize_money': 'prize_money', 'last_14_days': 'last_14_days'}}, 'racecard_details': {'csv_files': ['data/daily_downloads/results_data/racecard_details/racecard_details.csv'], 'column_mapping': {'record_id': ['ID', 'id'], 'race_id': ['Race_ID', 'race_id'], 'position': ['Place', 'Horse_number'], 'horse_name': 'Name', 'age': 'Age', 'weight': ['weight_uk', 'weight'], 'jockey': 'jockey', 'trainer': 'trainer', 'starting_price': 'SP', 'form': None, 'extra': ['gears', 'Draw', 'Country', 'Horse_rate', 'finish_time', 'fav']}}}}</failure></testcase><testcase classname="tests.test_csv_column_mapping.TestCSVMappingIntegration" name="test_end_to_end_csv_processing" time="0.007" /><testcase classname="tests.test_database_uploader.TestSimpleDatabaseUploader" name="test_initialization" time="0.001"><skipped type="pytest.skip" message="SimpleDatabaseUploader not available">/home/jc/Documents/Horse-race-ai-v2.04/tests/test_database_uploader.py:92: SimpleDatabaseUploader not available</skipped></testcase><testcase classname="tests.test_database_uploader.TestSimpleDatabaseUploader" name="test_manifest_loading_old_format" time="0.001"><skipped type="pytest.skip" message="SimpleDatabaseUploader not available">/home/jc/Documents/Horse-race-ai-v2.04/tests/test_database_uploader.py:102: SimpleDatabaseUploader not available</skipped></testcase><testcase classname="tests.test_database_uploader.TestSimpleDatabaseUploader" name="test_manifest_loading_new_format" time="0.001"><skipped type="pytest.skip" message="SimpleDatabaseUploader not available">/home/jc/Documents/Horse-race-ai-v2.04/tests/test_database_uploader.py:118: SimpleDatabaseUploader not available</skipped></testcase><testcase classname="tests.test_database_uploader.TestSimpleDatabaseUploader" name="test_manifest_format_flexibility" time="0.001"><skipped type="pytest.skip" message="SimpleDatabaseUploader not available">/home/jc/Documents/Horse-race-ai-v2.04/tests/test_database_uploader.py:134: SimpleDatabaseUploader not available</skipped></testcase><testcase classname="tests.test_database_uploader.TestSimpleDatabaseUploader" name="test_database_connection" time="0.001"><skipped type="pytest.skip" message="SimpleDatabaseUploader not available">/home/jc/Documents/Horse-race-ai-v2.04/tests/test_database_uploader.py:164: SimpleDatabaseUploader not available</skipped></testcase><testcase classname="tests.test_database_uploader.TestSimpleDatabaseUploader" name="test_table_creation" time="0.001"><skipped type="pytest.skip" message="SimpleDatabaseUploader not available">/home/jc/Documents/Horse-race-ai-v2.04/tests/test_database_uploader.py:181: SimpleDatabaseUploader not available</skipped></testcase><testcase classname="tests.test_database_uploader.TestSimpleDatabaseUploader" name="test_csv_file_validation" time="0.001"><skipped type="pytest.skip" message="SimpleDatabaseUploader not available">/home/jc/Documents/Horse-race-ai-v2.04/tests/test_database_uploader.py:204: SimpleDatabaseUploader not available</skipped></testcase><testcase classname="tests.test_database_uploader.TestSimpleDatabaseUploader" name="test_error_handling" time="0.001"><skipped type="pytest.skip" message="SimpleDatabaseUploader not available">/home/jc/Documents/Horse-race-ai-v2.04/tests/test_database_uploader.py:221: SimpleDatabaseUploader not available</skipped></testcase><testcase classname="tests.test_database_uploader.TestSimpleDatabaseUploader" name="test_docker_integration" time="0.001" /><testcase classname="tests.test_database_uploader.TestUploadManifestHandling" name="test_manifest_validation" time="0.001" /><testcase classname="tests.test_database_uploader.TestUploadManifestHandling" name="test_manifest_conversion" time="0.001" /><testcase classname="tests.test_database_uploader.TestUploadManifestHandling" name="test_manifest_file_paths" time="0.001" /><testcase classname="tests.test_database_uploader.TestDatabaseSchemaHandling" name="test_separated_table_schemas" time="0.001" /><testcase classname="tests.test_database_uploader.TestDatabaseSchemaHandling" name="test_no_foreign_key_constraints" time="0.001" /><testcase classname="tests.test_database_uploader.TestDatabaseSchemaHandling" name="test_primary_key_definitions" time="0.001" /><testcase classname="tests.test_database_uploader.TestDatabaseUploaderIntegration" name="test_uploader_with_docker" time="0.032" /><testcase classname="tests.test_database_uploader.TestDatabaseUploaderIntegration" name="test_uploader_configuration_compatibility" time="0.001" /><testcase classname="tests.test_database_uploader.TestDatabaseUploaderIntegration" name="test_end_to_end_upload_simulation" time="0.002"><skipped type="pytest.skip" message="SimpleDatabaseUploader not available">/home/jc/Documents/Horse-race-ai-v2.04/tests/test_database_uploader.py:429: SimpleDatabaseUploader not available</skipped></testcase></testsuite></testsuites>